ERROR - 2023-06-23 18:21:24 --> mysqli_sql_exception: Duplicate entry '564543575' for key 'PRIMARY' in C:\Users\evano\Pictures\2\SistemInformasiSekolah\vendor\codeigniter4\framework\system\Database\MySQLi\Connection.php:292
Stack trace:
#0 C:\Users\evano\Pictures\2\SistemInformasiSekolah\vendor\codeigniter4\framework\system\Database\MySQLi\Connection.php(292): mysqli->query('INSERT INTO `pe...', 0)
#1 C:\Users\evano\Pictures\2\SistemInformasiSekolah\vendor\codeigniter4\framework\system\Database\BaseConnection.php(666): CodeIgniter\Database\MySQLi\Connection->execute('INSERT INTO `pe...')
#2 C:\Users\evano\Pictures\2\SistemInformasiSekolah\vendor\codeigniter4\framework\system\Database\BaseConnection.php(593): CodeIgniter\Database\BaseConnection->simpleQuery('INSERT INTO `pe...')
#3 C:\Users\evano\Pictures\2\SistemInformasiSekolah\vendor\codeigniter4\framework\system\Database\BaseBuilder.php(1916): CodeIgniter\Database\BaseConnection->query('INSERT INTO `pe...', Array, false)
#4 C:\Users\evano\Pictures\2\SistemInformasiSekolah\vendor\codeigniter4\framework\system\Model.php(279): CodeIgniter\Database\BaseBuilder->insert()
#5 C:\Users\evano\Pictures\2\SistemInformasiSekolah\vendor\codeigniter4\framework\system\BaseModel.php(749): CodeIgniter\Model->doInsert(Array)
#6 C:\Users\evano\Pictures\2\SistemInformasiSekolah\vendor\codeigniter4\framework\system\Model.php(667): CodeIgniter\BaseModel->insert(Array, true)
#7 C:\Users\evano\Pictures\2\SistemInformasiSekolah\app\Database\Seeds\PegawaiSeeder.php(12): CodeIgniter\Model->insert(Array)
#8 C:\Users\evano\Pictures\2\SistemInformasiSekolah\vendor\codeigniter4\framework\system\Database\Seeder.php(146): App\Database\Seeds\PegawaiSeeder->run()
#9 C:\Users\evano\Pictures\2\SistemInformasiSekolah\app\Database\Seeds\AllSeeder.php(12): CodeIgniter\Database\Seeder->call('App\\Database\\Se...')
#10 C:\Users\evano\Pictures\2\SistemInformasiSekolah\vendor\codeigniter4\framework\system\Database\Seeder.php(146): App\Database\Seeds\AllSeeder->run()
#11 C:\Users\evano\Pictures\2\SistemInformasiSekolah\vendor\codeigniter4\framework\system\Commands\Database\Seed.php(77): CodeIgniter\Database\Seeder->call('App\\Database\\Se...')
#12 C:\Users\evano\Pictures\2\SistemInformasiSekolah\vendor\codeigniter4\framework\system\CLI\Commands.php(63): CodeIgniter\Commands\Database\Seed->run(Array)
#13 C:\Users\evano\Pictures\2\SistemInformasiSekolah\vendor\codeigniter4\framework\system\CLI\CommandRunner.php(65): CodeIgniter\CLI\Commands->run('db:seed', Array)
#14 C:\Users\evano\Pictures\2\SistemInformasiSekolah\vendor\codeigniter4\framework\system\CLI\CommandRunner.php(51): CodeIgniter\CLI\CommandRunner->index(Array)
#15 C:\Users\evano\Pictures\2\SistemInformasiSekolah\vendor\codeigniter4\framework\system\CodeIgniter.php(920): CodeIgniter\CLI\CommandRunner->_remap('index', Array)
#16 C:\Users\evano\Pictures\2\SistemInformasiSekolah\vendor\codeigniter4\framework\system\CodeIgniter.php(482): CodeIgniter\CodeIgniter->runController(Object(CodeIgniter\CLI\CommandRunner))
#17 C:\Users\evano\Pictures\2\SistemInformasiSekolah\vendor\codeigniter4\framework\system\CodeIgniter.php(347): CodeIgniter\CodeIgniter->handleRequest(NULL, Object(Config\Cache), false)
#18 C:\Users\evano\Pictures\2\SistemInformasiSekolah\vendor\codeigniter4\framework\system\CLI\Console.php(48): CodeIgniter\CodeIgniter->run()
#19 C:\Users\evano\Pictures\2\SistemInformasiSekolah\spark(98): CodeIgniter\CLI\Console->run()
#20 {main}
ERROR - 2023-06-23 18:21:24 --> mysqli_sql_exception: Duplicate entry '1207354928' for key 'PRIMARY' in C:\Users\evano\Pictures\2\SistemInformasiSekolah\vendor\codeigniter4\framework\system\Database\MySQLi\Connection.php:292
Stack trace:
#0 C:\Users\evano\Pictures\2\SistemInformasiSekolah\vendor\codeigniter4\framework\system\Database\MySQLi\Connection.php(292): mysqli->query('INSERT INTO `si...', 0)
#1 C:\Users\evano\Pictures\2\SistemInformasiSekolah\vendor\codeigniter4\framework\system\Database\BaseConnection.php(666): CodeIgniter\Database\MySQLi\Connection->execute('INSERT INTO `si...')
#2 C:\Users\evano\Pictures\2\SistemInformasiSekolah\vendor\codeigniter4\framework\system\Database\BaseConnection.php(593): CodeIgniter\Database\BaseConnection->simpleQuery('INSERT INTO `si...')
#3 C:\Users\evano\Pictures\2\SistemInformasiSekolah\vendor\codeigniter4\framework\system\Database\BaseBuilder.php(1916): CodeIgniter\Database\BaseConnection->query('INSERT INTO `si...', Array, false)
#4 C:\Users\evano\Pictures\2\SistemInformasiSekolah\vendor\codeigniter4\framework\system\Model.php(279): CodeIgniter\Database\BaseBuilder->insert()
#5 C:\Users\evano\Pictures\2\SistemInformasiSekolah\vendor\codeigniter4\framework\system\BaseModel.php(749): CodeIgniter\Model->doInsert(Array)
#6 C:\Users\evano\Pictures\2\SistemInformasiSekolah\vendor\codeigniter4\framework\system\Model.php(667): CodeIgniter\BaseModel->insert(Array, true)
#7 C:\Users\evano\Pictures\2\SistemInformasiSekolah\app\Database\Seeds\SiswaSeeder.php(12): CodeIgniter\Model->insert(Array)
#8 C:\Users\evano\Pictures\2\SistemInformasiSekolah\vendor\codeigniter4\framework\system\Database\Seeder.php(146): App\Database\Seeds\SiswaSeeder->run()
#9 C:\Users\evano\Pictures\2\SistemInformasiSekolah\app\Database\Seeds\AllSeeder.php(19): CodeIgniter\Database\Seeder->call('App\\Database\\Se...')
#10 C:\Users\evano\Pictures\2\SistemInformasiSekolah\vendor\codeigniter4\framework\system\Database\Seeder.php(146): App\Database\Seeds\AllSeeder->run()
#11 C:\Users\evano\Pictures\2\SistemInformasiSekolah\vendor\codeigniter4\framework\system\Commands\Database\Seed.php(77): CodeIgniter\Database\Seeder->call('App\\Database\\Se...')
#12 C:\Users\evano\Pictures\2\SistemInformasiSekolah\vendor\codeigniter4\framework\system\CLI\Commands.php(63): CodeIgniter\Commands\Database\Seed->run(Array)
#13 C:\Users\evano\Pictures\2\SistemInformasiSekolah\vendor\codeigniter4\framework\system\CLI\CommandRunner.php(65): CodeIgniter\CLI\Commands->run('db:seed', Array)
#14 C:\Users\evano\Pictures\2\SistemInformasiSekolah\vendor\codeigniter4\framework\system\CLI\CommandRunner.php(51): CodeIgniter\CLI\CommandRunner->index(Array)
#15 C:\Users\evano\Pictures\2\SistemInformasiSekolah\vendor\codeigniter4\framework\system\CodeIgniter.php(920): CodeIgniter\CLI\CommandRunner->_remap('index', Array)
#16 C:\Users\evano\Pictures\2\SistemInformasiSekolah\vendor\codeigniter4\framework\system\CodeIgniter.php(482): CodeIgniter\CodeIgniter->runController(Object(CodeIgniter\CLI\CommandRunner))
#17 C:\Users\evano\Pictures\2\SistemInformasiSekolah\vendor\codeigniter4\framework\system\CodeIgniter.php(347): CodeIgniter\CodeIgniter->handleRequest(NULL, Object(Config\Cache), false)
#18 C:\Users\evano\Pictures\2\SistemInformasiSekolah\vendor\codeigniter4\framework\system\CLI\Console.php(48): CodeIgniter\CodeIgniter->run()
#19 C:\Users\evano\Pictures\2\SistemInformasiSekolah\spark(98): CodeIgniter\CLI\Console->run()
#20 {main}
